d:\autocad projects\mfcproj\x64\debug\mfcproj.pch
d:\autocad projects\mfcproj\x64\debug\vc143.pdb
d:\autocad projects\mfcproj\x64\debug\vc143.idb
d:\autocad projects\mfcproj\x64\debug\pch.obj
d:\autocad projects\mfcproj\x64\debug\dllmain.obj
d:\autocad projects\mfcproj\x64\debug\mfcproj.obj
d:\autocad projects\mfcproj\x64\debug\mfcproj.lib
d:\autocad projects\mfcproj\x64\debug\mfcproj.exp
d:\autocad projects\mfcproj\x64\debug\mfcproj.arx
d:\autocad projects\mfcproj\x64\debug\mfcproj.ilk
d:\autocad projects\mfcproj\x64\debug\mfcproj.pdb
d:\autocad projects\mfcproj\x64\debug\mfcproj.res
d:\autocad projects\mfcproj\x64\debug\mfcproj.tlog\cl.command.1.tlog
d:\autocad projects\mfcproj\x64\debug\mfcproj.tlog\cl.read.1.tlog
d:\autocad projects\mfcproj\x64\debug\mfcproj.tlog\cl.write.1.tlog
d:\autocad projects\mfcproj\x64\debug\mfcproj.tlog\link.command.1.tlog
d:\autocad projects\mfcproj\x64\debug\mfcproj.tlog\link.read.1.tlog
d:\autocad projects\mfcproj\x64\debug\mfcproj.tlog\link.write.1.tlog
d:\autocad projects\mfcproj\x64\debug\mfcproj.tlog\link.write.2u.tlog
d:\autocad projects\mfcproj\x64\debug\mfcproj.tlog\rc.command.1.tlog
d:\autocad projects\mfcproj\x64\debug\mfcproj.tlog\rc.read.1.tlog
d:\autocad projects\mfcproj\x64\debug\mfcproj.tlog\rc.write.1.tlog
